2023-03-12T09:57:17.9013211 401 : [no body]
2023-03-12T09:57:35.0144172 500 : [{"timestamp":"2023-03-12T13:57:35.009+00:00","status":500,"error":"Internal Server Error","message":"Missing URI template variable 'principal' for method parameter of type Principal","path":"/accounts/balance/"}]
2023-03-12T09:58:29.5514992 500 : [{"timestamp":"2023-03-12T13:58:29.548+00:00","status":500,"error":"Internal Server Error","message":"Missing URI template variable 'transferId' for method parameter of type int","path":"/transfers/all"}]
2023-03-12T10:03:19.906259 500 : [{"timestamp":"2023-03-12T14:03:19.876+00:00","status":500,"error":"Internal Server Error","message":"Missing URI template variable 'principal' for method parameter of type Principal","path":"/accounts/balance/"}]
2023-03-12T10:09:36.5552394 500 : [{"timestamp":"2023-03-12T14:09:36.534+00:00","status":500,"error":"Internal Server Error","message":"Missing URI template variable 'principal' for method parameter of type Principal","path":"/accounts/balance/"}]
2023-03-12T10:21:49.6200252 500 : [{"timestamp":"2023-03-12T14:21:49.584+00:00","status":500,"error":"Internal Server Error","message":"Missing URI template variable 'principal' for method parameter of type Principal","path":"/accounts/balance/"}]
2023-03-12T10:28:50.6694979 404 : [{"timestamp":"2023-03-12T14:28:50.643+00:00","status":404,"error":"Not Found","message":"No message available","path":"/accounts/balance/null"}]
2023-03-12T10:50:42.6619535 500 : [{"timestamp":"2023-03-12T14:50:42.645+00:00","status":500,"error":"Internal Server Error","message":"Missing URI template variable 'principal' for method parameter of type Principal","path":"/accounts/balance/"}]
2023-03-12T11:04:29.4223821 500 : [{"timestamp":"2023-03-12T15:04:29.407+00:00","status":500,"error":"Internal Server Error","message":"Missing URI template variable 'principal' for method parameter of type Principal","path":"/accounts/balance/"}]
2023-03-12T11:08:02.8344554 500 : [{"timestamp":"2023-03-12T15:08:02.820+00:00","status":500,"error":"Internal Server Error","message":"Missing URI template variable 'principal' for method parameter of type Principal","path":"/accounts/balance/"}]
2023-03-12T11:14:36.9404401 500 : [{"timestamp":"2023-03-12T15:14:36.925+00:00","status":500,"error":"Internal Server Error","message":"Missing URI template variable 'principal' for method parameter of type Principal","path":"/accounts/balance/"}]
2023-03-12T11:16:52.471099 500 : [{"timestamp":"2023-03-12T15:16:52.438+00:00","status":500,"error":"Internal Server Error","message":"Missing URI template variable 'principal' for method parameter of type Principal","path":"/accounts/balance/"}]
2023-03-12T11:54:20.9658121 500 : [{"timestamp":"2023-03-12T15:54:20.932+00:00","status":500,"error":"Internal Server Error","message":"No message available","path":"/accounts/balance/"}]
2023-03-12T11:54:52.4282507 404 : [{"timestamp":"2023-03-12T15:54:52.424+00:00","status":404,"error":"Not Found","message":"No message available","path":"/newtransfer/"}]
2023-03-12T11:55:51.4712892 404 : [{"timestamp":"2023-03-12T15:55:51.454+00:00","status":404,"error":"Not Found","message":"No message available","path":"/accounts/balance/null"}]
2023-03-12T12:05:17.0862798 500 : [{"timestamp":"2023-03-12T16:05:17.060+00:00","status":500,"error":"Internal Server Error","message":"Failed to convert value of type 'java.lang.String' to required type 'java.security.Principal'; nest... (428 bytes)]
2023-03-12T12:54:48.8565541 500 : [{"timestamp":"2023-03-12T16:54:48.828+00:00","status":500,"error":"Internal Server Error","message":"No message available","path":"/accounts/balance/"}]
2023-03-12T13:02:18.7468748 404 : [{"timestamp":"2023-03-12T17:02:18.696+00:00","status":404,"error":"Not Found","message":"No message available","path":"/accounts/balance/null"}]
2023-03-12T13:07:45.0859236 500 : [{"timestamp":"2023-03-12T17:07:45.050+00:00","status":500,"error":"Internal Server Error","message":"Missing URI template variable 'principal' for method parameter of type Principal","path":"/accounts/balance/null"}]
2023-03-12T13:39:31.2322831 500 : [{"timestamp":"2023-03-12T17:39:31.214+00:00","status":500,"error":"Internal Server Error","message":"Missing URI template variable 'transferId' for method parameter of type int","path":"/transfers/all"}]
2023-03-12T13:40:16.0635194 404 : [{"timestamp":"2023-03-12T17:40:16.059+00:00","status":404,"error":"Not Found","message":"No message available","path":"/newtransfer/"}]
2023-03-12T13:44:23.1152387 500 : [{"timestamp":"2023-03-12T17:44:23.092+00:00","status":500,"error":"Internal Server Error","message":"Invalid column name; nested exception is java.sql.SQLException: Invalid column name","path":"/accounts/balance/"}]
2023-03-12T13:49:50.2091031 500 : [{"timestamp":"2023-03-12T17:49:50.181+00:00","status":500,"error":"Internal Server Error","message":"Invalid column name; nested exception is java.sql.SQLException: Invalid column name","path":"/accounts/balance/"}]
2023-03-12T14:56:35.7360026 500 : [{"timestamp":"2023-03-12T18:56:35.715+00:00","status":500,"error":"Internal Server Error","message":"Missing URI template variable 'transferId' for method parameter of type int","path":"/transfers/all"}]
2023-03-12T15:00:59.1177953 500 : [{"timestamp":"2023-03-12T19:00:59.092+00:00","status":500,"error":"Internal Server Error","message":"Missing URI template variable 'transferId' for method parameter of type int","path":"/transfers/all"}]
2023-03-12T16:12:30.3657008 400 : [{"timestamp":"2023-03-12T20:12:30.308+00:00","status":400,"error":"Bad Request","message":"Validation failed for object='transfer'. Error count: 1","errors":[{"codes":["DecimalMin.transfer.amount","De... (636 bytes)]
2023-03-12T16:24:06.9927548 500 : [{"timestamp":"2023-03-12T20:24:06.924+00:00","status":500,"error":"Internal Server Error","message":"Missing URI template variable 'transferId' for method parameter of type int","path":"/transfers/all"}]
