2023-03-11T09:28:09.1702097 404 : [{"timestamp":"2023-03-11T14:28:09.154+00:00","status":404,"error":"Not Found","message":"No message available","path":"/user"}]
2023-03-11T09:29:11.5659917 404 : [{"timestamp":"2023-03-11T14:29:11.550+00:00","status":404,"error":"Not Found","message":"No message available","path":"/accounts/balance"}]
2023-03-11T10:27:37.0427469 401 : [no body]
2023-03-11T10:28:09.975591 401 : [no body]
2023-03-11T10:36:53.7863521 401 : [no body]
2023-03-11T10:50:21.9471554 404 : [{"timestamp":"2023-03-11T15:50:21.942+00:00","status":404,"error":"Not Found","message":"No message available","path":"/accounts/balance"}]
2023-03-11T10:52:17.7010679 404 : [{"timestamp":"2023-03-11T15:52:11.332+00:00","status":404,"error":"Not Found","message":"No message available","path":"/accounts/balance"}]
2023-03-11T10:59:21.9150244 404 : [{"timestamp":"2023-03-11T15:59:21.900+00:00","status":404,"error":"Not Found","message":"No message available","path":"/accounts/balance"}]
2023-03-11T11:21:16.7775301 404 : [{"timestamp":"2023-03-11T16:21:16.744+00:00","status":404,"error":"Not Found","message":"No message available","path":"/accounts/balance"}]
2023-03-11T12:00:39.3190645 500 : [{"timestamp":"2023-03-11T17:00:39.289+00:00","status":500,"error":"Internal Server Error","message":"No DataSource set","path":"/accounts/balance"}]
2023-03-11T12:49:44.881529 500 : [{"timestamp":"2023-03-11T17:49:44.854+00:00","status":500,"error":"Internal Server Error","message":"No DataSource set","path":"/accounts/balance"}]
2023-03-11T12:49:59.3537781 401 : [{"timestamp":"2023-03-11T17:49:59.347+00:00","status":401,"error":"Unauthorized","message":"Full authentication is required to access this resource","path":"/users/"}]
2023-03-11T13:06:15.0898794 401 : [no body]
2023-03-11T13:06:23.8085061 401 : [no body]
2023-03-11T13:13:29.0216348 500 : [{"timestamp":"2023-03-11T18:13:29.003+00:00","status":500,"error":"Internal Server Error","message":"No DataSource set","path":"/accounts/balance"}]
2023-03-11T13:44:31.8384852 401 : [{"timestamp":"2023-03-11T18:44:31.809+00:00","status":401,"error":"Unauthorized","message":"Full authentication is required to access this resource","path":"/users/all"}]
2023-03-11T13:52:18.2575758 404 : [{"timestamp":"2023-03-11T18:52:18.234+00:00","status":404,"error":"Not Found","message":"No message available","path":"/newtransfer/"}]
2023-03-11T13:53:10.4005653 404 : [{"timestamp":"2023-03-11T18:53:10.399+00:00","status":404,"error":"Not Found","message":"No message available","path":"/accounts/balance"}]
2023-03-11T16:46:27.0021961 401 : [no body]
2023-03-11T16:46:49.9909002 401 : [no body]
2023-03-11T16:46:57.7213012 401 : [no body]
2023-03-11T16:47:50.6896296 500 : [{"timestamp":"2023-03-11T21:47:50.685+00:00","status":500,"error":"Internal Server Error","message":"PreparedStatementCallback; SQL [INSERT INTO tenmo_user (username, password_hash) VALUES (?, ?) RETU... (532 bytes)]
2023-03-11T16:51:42.6722533 401 : [no body]
2023-03-11T16:55:08.3165046 404 : [{"timestamp":"2023-03-11T21:55:08.313+00:00","status":404,"error":"Not Found","message":"No message available","path":"/accounts/balance"}]
2023-03-11T16:57:11.6925041 500 : [{"timestamp":"2023-03-11T21:57:11.675+00:00","status":500,"error":"Internal Server Error","message":"Missing URI template variable 'transferId' for method parameter of type int","path":"/transfers/all"}]
2023-03-11T17:00:03.3089274 500 : [{"timestamp":"2023-03-11T22:00:03.306+00:00","status":500,"error":"Internal Server Error","message":"Missing URI template variable 'transferId' for method parameter of type int","path":"/transfers/all"}]
2023-03-11T17:13:05.2758995 500 : [{"timestamp":"2023-03-11T22:13:05.256+00:00","status":500,"error":"Internal Server Error","message":"Missing URI template variable 'transferId' for method parameter of type int","path":"/transfers/all"}]
2023-03-11T17:13:49.3481999 500 : [{"timestamp":"2023-03-11T22:13:49.326+00:00","status":500,"error":"Internal Server Error","message":"Missing URI template variable 'transferId' for method parameter of type int","path":"/transfers/all"}]
2023-03-11T18:59:52.7342641 404 : [{"timestamp":"2023-03-11T23:59:52.718+00:00","status":404,"error":"Not Found","message":"No message available","path":"/accounts/balance"}]
2023-03-11T18:59:59.4695254 500 : [{"timestamp":"2023-03-11T23:59:59.469+00:00","status":500,"error":"Internal Server Error","message":"Missing URI template variable 'transferId' for method parameter of type int","path":"/transfers/all"}]
2023-03-11T19:00:13.2062849 404 : [{"timestamp":"2023-03-12T00:00:13.206+00:00","status":404,"error":"Not Found","message":"No message available","path":"/newtransfer/"}]
2023-03-11T19:00:49.5479727 404 : [{"timestamp":"2023-03-12T00:00:49.532+00:00","status":404,"error":"Not Found","message":"No message available","path":"/accounts/balance"}]
2023-03-11T19:00:52.7974354 500 : [{"timestamp":"2023-03-12T00:00:52.797+00:00","status":500,"error":"Internal Server Error","message":"Missing URI template variable 'transferId' for method parameter of type int","path":"/transfers/all"}]
2023-03-11T19:20:53.4489107 404 : [{"timestamp":"2023-03-12T00:20:53.433+00:00","status":404,"error":"Not Found","message":"No message available","path":"/accounts/balance"}]
2023-03-11T19:33:22.1329642 500 : [{"timestamp":"2023-03-12T00:33:22.112+00:00","status":500,"error":"Internal Server Error","message":"Missing URI template variable 'transferId' for method parameter of type int","path":"/transfers/all"}]
2023-03-11T19:43:48.5944344 404 : [{"timestamp":"2023-03-12T00:43:48.578+00:00","status":404,"error":"Not Found","message":"No message available","path":"/accounts/balance"}]
2023-03-11T19:43:52.3672239 500 : [{"timestamp":"2023-03-12T00:43:52.360+00:00","status":500,"error":"Internal Server Error","message":"Missing URI template variable 'transferId' for method parameter of type int","path":"/transfers/all"}]
2023-03-11T19:57:11.0301825 404 : [{"timestamp":"2023-03-12T00:57:11.014+00:00","status":404,"error":"Not Found","message":"No message available","path":"/newtransfer/"}]
2023-03-11T20:32:30.5477007 404 : [{"timestamp":"2023-03-12T01:32:30.521+00:00","status":404,"error":"Not Found","message":"No message available","path":"/accounts/balance"}]
2023-03-11T20:32:50.5460515 500 : [{"timestamp":"2023-03-12T01:32:50.534+00:00","status":500,"error":"Internal Server Error","message":"Missing URI template variable 'transferId' for method parameter of type int","path":"/transfers/all"}]
2023-03-11T20:54:11.2601387 400 : [{"timestamp":"2023-03-12T01:54:11.197+00:00","status":400,"error":"Bad Request","message":"Validation failed for object='registerUserDto'. Error count: 2","errors":[{"codes":["NotEmpty.registerUserDto... (947 bytes)]
2023-03-11T20:54:18.6821011 401 : [no body]
2023-03-11T20:54:53.9639118 404 : [{"timestamp":"2023-03-12T01:54:53.963+00:00","status":404,"error":"Not Found","message":"No message available","path":"/accounts/balance"}]
2023-03-11T20:54:58.5264649 500 : [{"timestamp":"2023-03-12T01:54:58.526+00:00","status":500,"error":"Internal Server Error","message":"Missing URI template variable 'transferId' for method parameter of type int","path":"/transfers/all"}]
2023-03-11T20:55:17.6336656 404 : [{"timestamp":"2023-03-12T01:55:17.633+00:00","status":404,"error":"Not Found","message":"No message available","path":"/newtransfer/"}]
2023-03-11T21:02:39.9308183 404 : [{"timestamp":"2023-03-12T02:02:39.915+00:00","status":404,"error":"Not Found","message":"No message available","path":"/accounts/balance"}]
2023-03-11T21:06:14.1440176 500 : [{"timestamp":"2023-03-12T02:06:14.128+00:00","status":500,"error":"Internal Server Error","message":"Missing URI template variable 'principal' for method parameter of type Principal","path":"/accounts/balance/"}]
2023-03-11T21:08:47.3388346 500 : [{"timestamp":"2023-03-12T02:08:47.338+00:00","status":500,"error":"Internal Server Error","message":"Missing URI template variable 'principal' for method parameter of type Principal","path":"/accounts/balance/"}]
2023-03-11T21:09:15.6028274 500 : [{"timestamp":"2023-03-12T02:09:15.602+00:00","status":500,"error":"Internal Server Error","message":"Missing URI template variable 'principal' for method parameter of type Principal","path":"/accounts/balance/"}]
2023-03-11T21:12:35.4135062 500 : [{"timestamp":"2023-03-12T02:12:35.397+00:00","status":500,"error":"Internal Server Error","message":"Missing URI template variable 'principal' for method parameter of type Principal","path":"/accounts/balance/"}]
2023-03-11T21:15:04.8197881 500 : [{"timestamp":"2023-03-12T02:15:04.804+00:00","status":500,"error":"Internal Server Error","message":"Missing URI template variable 'principal' for method parameter of type Principal","path":"/accounts/balance/"}]
2023-03-11T21:23:32.8459271 500 : [{"timestamp":"2023-03-12T02:23:32.830+00:00","status":500,"error":"Internal Server Error","message":"Missing URI template variable 'principal' for method parameter of type Principal","path":"/accounts/balance/"}]
2023-03-11T21:27:51.2494715 500 : [{"timestamp":"2023-03-12T02:27:51.233+00:00","status":500,"error":"Internal Server Error","message":"Missing URI template variable 'transferId' for method parameter of type int","path":"/transfers/all"}]
2023-03-11T21:30:17.0500897 500 : [{"timestamp":"2023-03-12T02:30:17.034+00:00","status":500,"error":"Internal Server Error","message":"Missing URI template variable 'transferId' for method parameter of type int","path":"/transfers/all"}]
2023-03-11T21:38:46.1275731 500 : [{"timestamp":"2023-03-12T02:38:46.111+00:00","status":500,"error":"Internal Server Error","message":"Missing URI template variable 'principal' for method parameter of type Principal","path":"/accounts/balance/"}]
2023-03-11T21:45:21.2711739 500 : [{"timestamp":"2023-03-12T02:45:21.255+00:00","status":500,"error":"Internal Server Error","message":"Missing URI template variable 'principal' for method parameter of type Principal","path":"/accounts/balance/"}]
2023-03-11T21:49:40.4992594 500 : [{"timestamp":"2023-03-12T02:49:40.499+00:00","status":500,"error":"Internal Server Error","message":"Missing URI template variable 'principal' for method parameter of type Principal","path":"/accounts/balance/"}]
2023-03-11T21:50:38.6152252 500 : [{"timestamp":"2023-03-12T02:50:38.615+00:00","status":500,"error":"Internal Server Error","message":"Missing URI template variable 'principal' for method parameter of type Principal","path":"/accounts/balance/"}]
2023-03-11T21:54:04.6819838 500 : [{"timestamp":"2023-03-12T02:54:04.666+00:00","status":500,"error":"Internal Server Error","message":"Missing URI template variable 'principal' for method parameter of type Principal","path":"/accounts/balance/"}]
