2023-04-10T17:43:01.5193743 400 : [{"timestamp":"2023-04-10T21:43:01.503+00:00","status":400,"error":"Bad Request","message":"asdfkjkl;","path":"/transfers/new"}]
2023-04-10T17:52:27.9383758 500 : [{"timestamp":"2023-04-10T21:52:27.922+00:00","status":500,"error":"Internal Server Error","message":"Ambiguous handler methods mapped for '/transfers/all': {public int com.techelevator.tenmo.controller.TransferController.getTransferId(int), public java.util.List com.techelevator.tenmo.controller.TransferController.getTransactionHistory(int)}","path":"/transfers/all"}]
2023-04-10T17:53:31.964759 500 : [{"timestamp":"2023-04-10T21:53:31.949+00:00","status":500,"error":"Internal Server Error","message":"Ambiguous handler methods mapped for '/transfers/all': {public int com.techelevator.tenmo.controller.TransferController.getTransferId(int), public java.util.List com.techelevator.tenmo.controller.TransferController.getTransactionHistory(int)}","path":"/transfers/all"}]
2023-04-10T18:09:36.9923416 500 : [{"timestamp":"2023-04-10T22:09:36.985+00:00","status":500,"error":"Internal Server Error","message":"Ambiguous handler methods mapped for '/transfers/1007': {public java.util.List com.techelevator.tenmo.controller.TransferController.getTransactionHistory(int), public int com.techelevator.tenmo.controller.TransferController.getTransferId(int)}","path":"/transfers/1007"}]
2023-04-10T18:24:12.683774 500 : [{"timestamp":"2023-04-10T22:24:12.668+00:00","status":500,"error":"Internal Server Error","message":"Invalid column name; nested exception is java.sql.SQLException: Invalid column name","path":"/transfers/"}]
2023-04-10T18:50:15.6045163 500 : [{"timestamp":"2023-04-10T22:50:15.588+00:00","status":500,"error":"Internal Server Error","message":"Invalid column name; nested exception is java.sql.SQLException: Invalid column name","path":"/transfers/history"}]
2023-04-10T18:52:56.7844202 500 : [{"timestamp":"2023-04-10T22:52:56.768+00:00","status":500,"error":"Internal Server Error","message":"Invalid column name; nested exception is java.sql.SQLException: Invalid column name","path":"/transfers/history"}]
2023-04-10T19:03:31.207882 500 : [{"timestamp":"2023-04-10T23:03:31.187+00:00","status":500,"error":"Internal Server Error","message":"Invalid column name; nested exception is java.sql.SQLException: Invalid column name","path":"/transfers/history"}]
2023-04-10T19:06:16.2421734 500 : [{"timestamp":"2023-04-10T23:06:16.225+00:00","status":500,"error":"Internal Server Error","message":"Invalid column name; nested exception is java.sql.SQLException: Invalid column name","path":"/transfers/history"}]
2023-04-10T20:07:39.2951955 500 : [{"timestamp":"2023-04-11T00:07:39.264+00:00","status":500,"error":"Internal Server Error","message":"Ambiguous handler methods mapped for '/transfers/1007': {public com.techelevator.tenmo.model.Transf... (438 bytes)]
2023-04-10T20:16:58.7291537 500 : [{"timestamp":"2023-04-11T00:16:58.713+00:00","status":500,"error":"Internal Server Error","message":"Ambiguous handler methods mapped for '/transfers/1007': {public java.util.List com.techelevator.ten... (438 bytes)]
2023-04-10T20:18:30.9665596 500 : [{"timestamp":"2023-04-11T00:18:30.950+00:00","status":500,"error":"Internal Server Error","message":"Ambiguous handler methods mapped for '/transfers/1007': {public java.util.List com.techelevator.ten... (438 bytes)]
2023-04-10T20:25:51.3461535 500 : [{"timestamp":"2023-04-11T00:25:51.330+00:00","status":500,"error":"Internal Server Error","message":"Ambiguous handler methods mapped for '/transfers/1007': {public com.techelevator.tenmo.model.Transf... (438 bytes)]
2023-04-10T20:28:10.9859603 500 : [{"timestamp":"2023-04-11T00:28:10.970+00:00","status":500,"error":"Internal Server Error","message":"Ambiguous handler methods mapped for '/transfers/1007': {public com.techelevator.tenmo.model.Transf... (438 bytes)]
2023-04-10T20:32:18.096767 500 : [{"timestamp":"2023-04-11T00:32:18.073+00:00","status":500,"error":"Internal Server Error","message":"Ambiguous handler methods mapped for '/transfers/history': {public java.util.List com.techelevator.... (444 bytes)]
2023-04-10T20:35:12.6378189 500 : [{"timestamp":"2023-04-11T00:35:12.606+00:00","status":500,"error":"Internal Server Error","message":"Ambiguous handler methods mapped for '/transfers/history': {public java.util.List com.techelevator.... (444 bytes)]
2023-04-10T20:44:27.4456619 500 : [{"timestamp":"2023-04-11T00:44:27.433+00:00","status":500,"error":"Internal Server Error","message":"Optional int parameter 'userId' is present but cannot be translated into a null value due to being declared as a primitive type. Consider declaring it as object wrapper for the corresponding primitive type.","path":"/transfers/history/-1"}]
2023-04-10T20:45:56.1177116 500 : [{"timestamp":"2023-04-11T00:45:56.112+00:00","status":500,"error":"Internal Server Error","message":"Optional int parameter 'userId' is present but cannot be translated into a null value due to being declared as a primitive type. Consider declaring it as object wrapper for the corresponding primitive type.","path":"/transfers/history/3004"}]
2023-04-10T20:55:03.6854099 500 : [{"timestamp":"2023-04-11T00:55:03.669+00:00","status":500,"error":"Internal Server Error","message":"Optional int parameter 'userId' is present but cannot be translated into a null value due to being declared as a primitive type. Consider declaring it as object wrapper for the corresponding primitive type.","path":"/transfers/history/3003"}]
2023-04-10T20:57:08.8042256 400 : [{"timestamp":"2023-04-11T00:57:08.788+00:00","status":400,"error":"Bad Request","message":"asdfkjkl;","path":"/transfers/new"}]
2023-04-10T21:07:43.0140674 500 : [{"timestamp":"2023-04-11T01:07:42.998+00:00","status":500,"error":"Internal Server Error","message":"Optional int parameter 'userId' is present but cannot be translated into a null value due to being declared as a primitive type. Consider declaring it as object wrapper for the corresponding primitive type.","path":"/transfers/history/3003"}]
2023-04-10T21:13:22.2930173 500 : [{"timestamp":"2023-04-11T01:13:22.277+00:00","status":500,"error":"Internal Server Error","message":"Optional int parameter 'userId' is present but cannot be translated into a null value due to being declared as a primitive type. Consider declaring it as object wrapper for the corresponding primitive type.","path":"/transfers/history/3004"}]
2023-04-10T21:15:13.9274502 500 : [{"timestamp":"2023-04-11T01:15:13.911+00:00","status":500,"error":"Internal Server Error","message":"Optional int parameter 'userId' is present but cannot be translated into a null value due to being declared as a primitive type. Consider declaring it as object wrapper for the corresponding primitive type.","path":"/transfers/history/3004"}]
2023-04-10T21:15:13.943057 500 : [{"timestamp":"2023-04-11T01:15:13.943+00:00","status":500,"error":"Internal Server Error","message":"Optional int parameter 'userId' is present but cannot be translated into a null value due to being declared as a primitive type. Consider declaring it as object wrapper for the corresponding primitive type.","path":"/transfers/history/3004"}]
2023-04-10T21:15:33.1508623 400 : [{"timestamp":"2023-04-11T01:15:33.136+00:00","status":400,"error":"Bad Request","message":"asdfkjkl;","path":"/transfers/new"}]
2023-04-10T21:40:30.355699 500 : [{"timestamp":"2023-04-11T01:40:30.340+00:00","status":500,"error":"Internal Server Error","message":"Optional int parameter 'userId' is present but cannot be translated into a null value due to being declared as a primitive type. Consider declaring it as object wrapper for the corresponding primitive type.","path":"/transfers/history/3005"}]
